\BOOKMARK [1][-]{section.1}{\376\377\000P\000r\000o\000b\000l\000e\000m\000\040\0001}{}% 1
\BOOKMARK [2][-]{subsection.1.1}{\376\377\000Q\000u\000e\000s\000t\000i\000o\000n\000\040\000a}{section.1}% 2
\BOOKMARK [3][-]{subsubsection.1.1.1}{\376\377\000r\000r\000e\000f}{subsection.1.1}% 3
\BOOKMARK [3][-]{subsubsection.1.1.2}{\376\377\000C\000a\000l\000e\000y\000-\000H\000a\000m\000i\000l\000t\000o\000n\000\040\000T\000h\000e\000o\000r\000e\000m}{subsection.1.1}% 4
\BOOKMARK [2][-]{subsection.1.2}{\376\377\000Q\000u\000e\000s\000t\000i\000o\000n\000\040\000b}{section.1}% 5
\BOOKMARK [3][-]{subsubsection.1.2.1}{\376\377\000r\000r\000e\000f}{subsection.1.2}% 6
\BOOKMARK [3][-]{subsubsection.1.2.2}{\376\377\000C\000a\000l\000e\000y\000-\000H\000a\000m\000i\000l\000t\000o\000n\000\040\000T\000h\000e\000o\000r\000e\000m}{subsection.1.2}% 7
\BOOKMARK [1][-]{section.2}{\376\377\000P\000r\000o\000b\000l\000e\000m\000\040\0002}{}% 8
\BOOKMARK [2][-]{subsection.2.1}{\376\377\000Q\000u\000e\000s\000t\000i\000o\000n\000\040\000a}{section.2}% 9
\BOOKMARK [2][-]{subsection.2.2}{\376\377\000Q\000u\000e\000s\000t\000i\000o\000n\000\040\000b}{section.2}% 10
\BOOKMARK [1][-]{section.3}{\376\377\000P\000r\000o\000b\000l\000e\000m\000\040\0003}{}% 11
\BOOKMARK [2][-]{subsection.3.1}{\376\377\000Q\000u\000e\000s\000t\000i\000o\000n\000\040\000a}{section.3}% 12
\BOOKMARK [2][-]{subsection.3.2}{\376\377\000Q\000u\000e\000s\000t\000i\000o\000n\000\040\000b}{section.3}% 13
\BOOKMARK [1][-]{section.4}{\376\377\000P\000r\000o\000b\000l\000e\000m\000\040\0004}{}% 14
\BOOKMARK [2][-]{subsection.4.1}{\376\377\000Q\000u\000e\000s\000t\000i\000o\000n\000\040\000a}{section.4}% 15
\BOOKMARK [3][-]{subsubsection.4.1.1}{\376\377\000C\000o\000n\000j\000u\000g\000a\000t\000e\000\040\000s\000y\000m\000m\000e\000t\000r\000y}{subsection.4.1}% 16
\BOOKMARK [3][-]{subsubsection.4.1.2}{\376\377\000L\000i\000n\000e\000a\000r\000i\000t\000y}{subsection.4.1}% 17
\BOOKMARK [3][-]{subsubsection.4.1.3}{\376\377\000P\000o\000s\000i\000t\000i\000v\000e}{subsection.4.1}% 18
\BOOKMARK [3][-]{subsubsection.4.1.4}{\376\377\000C\000o\000n\000c\000l\000u\000s\000i\000o\000n}{subsection.4.1}% 19
\BOOKMARK [2][-]{subsection.4.2}{\376\377\000Q\000u\000e\000s\000t\000i\000o\000n\000\040\000b}{section.4}% 20
\BOOKMARK [3][-]{subsubsection.4.2.1}{\376\377\000P\000o\000s\000i\000t\000i\000v\000e}{subsection.4.2}% 21
\BOOKMARK [1][-]{section.5}{\376\377\000P\000r\000o\000b\000l\000e\000m\000\040\0005}{}% 22
\BOOKMARK [2][-]{subsection.5.1}{\376\377\000Q\000u\000e\000s\000t\000i\000o\000n\000\040\000a}{section.5}% 23
\BOOKMARK [2][-]{subsection.5.2}{\376\377\000Q\000u\000e\000s\000t\000i\000o\000n\000\040\000b}{section.5}% 24
\BOOKMARK [3][-]{subsubsection.5.2.1}{\376\377\000p\000r\000o\000o\000f\000\040\0001}{subsection.5.2}% 25
\BOOKMARK [3][-]{subsubsection.5.2.2}{\376\377\000p\000r\000o\000o\000f\000\040\0002}{subsection.5.2}% 26
\BOOKMARK [2][-]{subsection.5.3}{\376\377\000Q\000u\000e\000s\000t\000i\000o\000n\000\040\000c}{section.5}% 27
\BOOKMARK [1][-]{section.6}{\376\377\000R\000e\000f\000e\000r\000e\000n\000c\000e}{}% 28
